<script>
const UniformScaling = new ffi.Struct({
    _: 'bool',
});

const ODEFunction = new ffi.Struct({
    mass_matrix: UniformScaling,
});

const SArray = new ffi.Struct({
    data: ['f64', 3],
});

const SArrayTuple_6__Float64_1_6 = new ffi.Struct({
    data: ['f64', 6],
});

const SArrayTuple_21__Float64_1_21 = new ffi.Struct({
    data: ['f64', 21],
});

const SArrayTuple_22__Float64_1_22 = new ffi.Struct({
    data: ['f64', 22],
});

const GPUTsit5Integrator = new ffi.Struct({
    f: ODEFunction,
    uprev: SArray,
    u: SArray,
    tmp: SArray,
    tprev: 'f64',
    t: 'f64',
    t0: 'f64',
    dt: 'f64',
    tdir: 'f64',
    p: SArray,
    u_modified: 'bool',
    tstops_idx: 'int64',
    save_everystep: 'bool',
    saveat: 'bool',
    cur_t: 'int64',
    step_idx: 'int64',
    event_last_time: 'int64',
    vector_event_last_time: 'int64',
    last_event_error: 'f64',
    k1: SArray,
    k2: SArray,
    k3: SArray,
    k4: SArray,
    k5: SArray,
    k6: SArray,
    k7: SArray,
    cs: SArrayTuple_6__Float64_1_6,
    as: SArrayTuple_21__Float64_1_21,
    rs: SArrayTuple_22__Float64_1_22,
    retcode: 'int32',
});



function new_integ() {return new GPUTsit5Integrator({
f: new ODEFunction({
mass_matrix: new UniformScaling({
_: true,
}),
}),
uprev: new SArray({
data: [1.0,0.0,0.0],
}),
u: new SArray({
data: [1.0,0.0,0.0],
}),
tmp: new SArray({
data: [1.0,0.0,0.0],
}),
tprev: 0.0,
t: 0.0,
t0: 0.0,
dt: 0.005,
tdir: 1.0,
p: new SArray({
data: [10.0,28.0,2.6666666666666665],
}),
u_modified: true,
tstops_idx: 1,
save_everystep: true,
saveat: false,
cur_t: 1,
step_idx: 1,
event_last_time: 1,
vector_event_last_time: 0,
last_event_error: 0.0,
k1: new SArray({
data: [1.0,0.0,0.0],
}),
k2: new SArray({
data: [1.0,0.0,0.0],
}),
k3: new SArray({
data: [1.0,0.0,0.0],
}),
k4: new SArray({
data: [1.0,0.0,0.0],
}),
k5: new SArray({
data: [1.0,0.0,0.0],
}),
k6: new SArray({
data: [1.0,0.0,0.0],
}),
k7: new SArray({
data: [1.0,0.0,0.0],
}),
cs: new SArrayTuple_6__Float64_1_6({
data: [0.161,0.327,0.9,0.9800255409045097,1.0,1.0],
}),
as: new SArrayTuple_21__Float64_1_21({
data: [0.161,-0.008480655492356989,0.335480655492357,2.8971530571054935,-6.359448489975075,4.3622954328695815,5.325864828439257,-11.748883564062828,7.4955393428898365,-0.09249506636175525,5.86145544294642,-12.92096931784711,8.159367898576159,-0.071584973281401,-0.028269050394068383,0.09646076681806523,0.01,0.4798896504144996,1.379008574103742,-3.290069515436081,2.324710524099774],
}),
rs: new SArrayTuple_22__Float64_1_22({
data: [1.0,-2.763706197274826,2.9132554618219126,-1.0530884977290216,0.13169999999999998,-0.2234,0.1017,3.9302962368947516,-5.941033872131505,2.490627285651253,-12.411077166933676,30.33818863028232,-16.548102889244902,37.50931341651104,-88.1789048947664,47.37952196281928,-27.896526289197286,65.09189467479366,-34.87065786149661,1.5,-4.0,2.5],
}),
retcode: 0,
})
}
</script>
